📹 Найдено 26 видео файлов

🚀 Начинаем обработку...


[1/26] Обрабатываем: FavVid.mp4
  ⏭️  Видео уже оптимизировано
  ⏭️  Poster уже существует

[2/26] Обрабатываем: FavVid_mobile.mp4
  ⏭️  Видео уже оптимизировано
  ⏭️  Poster уже существует

[3/26] Обрабатываем: webHero.mp4
  ⏭️  Видео уже оптимизировано
  ⏭️  Poster уже существует

[4/26] Обрабатываем: webHeroAuth.mp4
  ⏭️  Видео уже оптимизировано
  ⏭️  Poster уже существует

[5/26] Обрабатываем: webHeroAuth_original.mp4
  ⏭️  Видео уже оптимизировано
  ⏭️  Poster уже существует

[6/26] Обрабатываем: work60.mp4
  ⏭️  Видео уже оптимизировано
  ⏭️  Poster уже существует

[7/26] Обрабатываем: x102.mp4
  🔄 Оптимизируем видео (1.7 MB)...
  ✅ Видео оптимизировано: 1.7 MB → 1.6 MB (-9%)
  ⏭️  Poster уже существует

[8/26] Обрабатываем: x113.mp4
  🔄 Оптимизируем видео (1.9 MB)...
  ✅ Видео оптимизировано: 1.9 MB → 2.1 MB (--12%)
  ⏭️  Poster уже существует

[9/26] Обрабатываем: x124.mp4
  ⏭️  Видео уже оптимизировано
  ⏭️  Poster уже существует

[10/26] Обрабатываем: x29.1.mp4
  🔄 Оптимизируем видео (3.3 MB)...
  ✅ Видео оптимизировано: 3.3 MB → 1.2 MB (-65%)
  🎬 Генерируем poster...
  ✅ Poster создан: x29.1.jpg (74.1 KB)

[11/26] Обрабатываем: x29.2.mp4
  ⏭️  Видео уже оптимизировано
  ⏭️  Poster уже существует

[12/26] Обрабатываем: x29.3.mp4
  🔄 Оптимизируем видео (3.3 MB)...
  ✅ Видео оптимизировано: 3.3 MB → 1.2 MB (-65%)
  🎬 Генерируем poster...
  ❌ Ошибка создания poster: Command failed: ffmpeg -i "/Users/x/purep-web/public/videos-optimized/x29.3.mp4" -ss 00:00:01 -vframes 1 -q:v 2 -vf scale=480:-1 "/Users/x/purep-web/public/posters/x29.3.jpg" -y

[13/26] Обрабатываем: x30.1.mp4
  🔄 Оптимизируем видео (24.7 MB)...
  ✅ Видео оптимизировано: 24.7 MB → 1.5 MB (-94%)
  🎬 Генерируем poster...
  ❌ Ошибка создания poster: Command failed: ffmpeg -i "/Users/x/purep-web/public/videos-optimized/x30.1.mp4" -ss 00:00:01 -vframes 1 -q:v 2 -vf scale=480:-1 "/Users/x/purep-web/public/posters/x30.1.jpg" -y

[14/26] Обрабатываем: x31.1.mp4
  🔄 Оптимизируем видео (16.5 MB)...
  ✅ Видео оптимизировано: 16.5 MB → 1.0 MB (-94%)
  🎬 Генерируем poster...
  ❌ Ошибка создания poster: Command failed: ffmpeg -i "/Users/x/purep-web/public/videos-optimized/x31.1.mp4" -ss 00:00:01 -vframes 1 -q:v 2 -vf scale=480:-1 "/Users/x/purep-web/public/posters/x31.1.jpg" -y

[15/26] Обрабатываем: x31.2.mp4
  🔄 Оптимизируем видео (18.7 MB)...
  ✅ Видео оптимизировано: 18.7 MB → 1.3 MB (-93%)
  🎬 Генерируем poster...
  ❌ Ошибка создания poster: Command failed: ffmpeg -i "/Users/x/purep-web/public/videos-optimized/x31.2.mp4" -ss 00:00:01 -vframes 1 -q:v 2 -vf scale=480:-1 "/Users/x/purep-web/public/posters/x31.2.jpg" -y

[16/26] Обрабатываем: x31.3.mp4
  ⏭️  Видео уже оптимизировано
  🎬 Генерируем poster...
  ❌ Ошибка создания poster: Command failed: ffmpeg -i "/Users/x/purep-web/public/videos-optimized/x31.3.mp4" -ss 00:00:01 -vframes 1 -q:v 2 -vf scale=480:-1 "/Users/x/purep-web/public/posters/x31.3.jpg" -y

[17/26] Обрабатываем: x32.1.mp4
  🔄 Оптимизируем видео (6.3 MB)...
  ✅ Видео оптимизировано: 6.3 MB → 1.8 MB (-72%)
  🎬 Генерируем poster...
  ✅ Poster создан: x32.1.jpg (93.9 KB)

[18/26] Обрабатываем: x32.2.mp4
  🔄 Оптимизируем видео (9.0 MB)...
  ✅ Видео оптимизировано: 9.0 MB → 2.4 MB (-73%)
  🎬 Генерируем poster...
  ✅ Poster создан: x32.2.jpg (72.9 KB)

[19/26] Обрабатываем: x32.3.mp4
  ⏭️  Видео уже оптимизировано
  🎬 Генерируем poster...
  ❌ Ошибка создания poster: Command failed: ffmpeg -i "/Users/x/purep-web/public/videos-optimized/x32.3.mp4" -ss 00:00:01 -vframes 1 -q:v 2 -vf scale=480:-1 "/Users/x/purep-web/public/posters/x32.3.jpg" -y

[20/26] Обрабатываем: x32.mp4
  🔄 Оптимизируем видео (1.4 MB)...
  ✅ Видео оптимизировано: 1.4 MB → 1.2 MB (-10%)
  ⏭️  Poster уже существует

[21/26] Обрабатываем: x51.mp4
  ⏭️  Видео уже оптимизировано
  ⏭️  Poster уже существует

[22/26] Обрабатываем: x51web.mp4
  🔄 Оптимизируем видео (2.7 MB)...
  ✅ Видео оптимизировано: 2.7 MB → 2.7 MB (-1%)
  ⏭️  Poster уже существует

[23/26] Обрабатываем: x72.mp4
  ⏭️  Видео уже оптимизировано
  ⏭️  Poster уже существует

[24/26] Обрабатываем: x84.mp4
  🔄 Оптимизируем видео (0.8 MB)...
  ✅ Видео оптимизировано: 0.8 MB → 0.7 MB (-9%)
  ⏭️  Poster уже существует

[25/26] Обрабатываем: x92.mp4
  ⏭️  Видео уже оптимизировано
  ⏭️  Poster уже существует

[26/26] Обрабатываем: x93.mp4
  🔄 Оптимизируем видео (2.3 MB)...
  ✅ Видео оптимизировано: 2.3 MB → 2.2 MB (-4%)
  ⏭️  Poster уже существует

============================================================
📊 ИТОГИ ОБРАБОТКИ:
============================================================
✅ Оптимизировано видео: 13
⏭️  Пропущено видео:     13
✅ Создано poster:       3
⏭️  Пропущено poster:     17
❌ Ошибок:               6
============================================================

💡 Следующие шаги:
1. Проверьте качество оптимизированных видео в /public/videos-optimized
2. Если все ОК, замените оригинальные:
   rm -rf public/videos && mv public/videos-optimized public/videos
3. Загрузите файлы в Cloudflare R2: node upload-to-r2.js
4. Обновите src/data/exercises.js с новыми упражнениями
